app/build/intermediates/manifest_merge_blame_file/debug/manifest-merger-blame-debug-report.txt
1<?xml version="1.0" encoding="utf-8"?>
2<manifest xmlns:android="http://schemas.android.com/apk/res/android"
3    package="com.sungkyul.metrotime"
4    android:versionCode="1"
5    android:versionName="1.0" >
6
7    <uses-sdk
8        android:minSdkVersion="24"
9        android:targetSdkVersion="33" />
10
11    <uses-permission android:name="android.permission.ACCESS_NETWORK_STATE" />
11-->[com.firebaseui:firebase-ui-auth:7.2.0] AndroidManifest.xml:12:5-79
11-->[com.firebaseui:firebase-ui-auth:7.2.0] AndroidManifest.xml:12:22-76
12    <uses-permission android:name="android.permission.INTERNET" />
12-->[com.firebaseui:firebase-ui-auth:7.2.0] AndroidManifest.xml:13:5-67
12-->[com.firebaseui:firebase-ui-auth:7.2.0] AndroidManifest.xml:13:22-64
13
14    <queries>
14-->[com.google.firebase:firebase-inappmessaging-display:20.4.0] AndroidManifest.xml:10:5-16:15
15        <intent>
15-->[com.google.firebase:firebase-inappmessaging-display:20.4.0] AndroidManifest.xml:11:9-15:18
16            <action android:name="android.intent.action.VIEW" />
16-->[com.firebaseui:firebase-ui-auth:7.2.0] AndroidManifest.xml:93:17-69
16-->[com.firebaseui:firebase-ui-auth:7.2.0] AndroidManifest.xml:93:25-66
17
18            <data android:scheme="https" />
18-->[com.firebaseui:firebase-ui-auth:7.2.0] AndroidManifest.xml:98:17-81
18-->[com.firebaseui:firebase-ui-auth:7.2.0] AndroidManifest.xml:98:23-78
19        </intent>
20    </queries>
21
22    <uses-permission android:name="android.permission.WAKE_LOCK" />
22-->[com.google.android.gms:play-services-measurement-api:21.5.1] AndroidManifest.xml:24:5-68
22-->[com.google.android.gms:play-services-measurement-api:21.5.1] AndroidManifest.xml:24:22-65
23    <uses-permission android:name="com.google.android.gms.permission.AD_ID" />
23-->[com.google.android.gms:play-services-measurement-api:21.5.1] AndroidManifest.xml:25:5-79
23-->[com.google.android.gms:play-services-measurement-api:21.5.1] AndroidManifest.xml:25:22-76
24    <uses-permission android:name="android.permission.ACCESS_ADSERVICES_ATTRIBUTION" />
24-->[com.google.android.gms:play-services-measurement-api:21.5.1] AndroidManifest.xml:26:5-88
24-->[com.google.android.gms:play-services-measurement-api:21.5.1] AndroidManifest.xml:26:22-85
25    <uses-permission android:name="android.permission.ACCESS_ADSERVICES_AD_ID" />
25-->[com.google.android.gms:play-services-measurement-api:21.5.1] AndroidManifest.xml:27:5-82
25-->[com.google.android.gms:play-services-measurement-api:21.5.1] AndroidManifest.xml:27:22-79
26    <uses-permission android:name="com.google.android.providers.gsf.permission.READ_GSERVICES" />
26-->[com.google.android.recaptcha:recaptcha:18.4.0] AndroidManifest.xml:9:5-98
26-->[com.google.android.recaptcha:recaptcha:18.4.0] AndroidManifest.xml:9:22-95
27    <uses-permission android:name="com.google.android.finsky.permission.BIND_GET_INSTALL_REFERRER_SERVICE" />
27-->[com.google.android.gms:play-services-measurement:21.5.1] AndroidManifest.xml:26:5-110
27-->[com.google.android.gms:play-services-measurement:21.5.1] AndroidManifest.xml:26:22-107
28
29    <permission
29-->[androidx.core:core:1.9.0] AndroidManifest.xml:22:5-24:47
30        android:name="com.sungkyul.metrotime.DYNAMIC_RECEIVER_NOT_EXPORTED_PERMISSION"
30-->[androidx.core:core:1.9.0] AndroidManifest.xml:23:9-81
31        android:protectionLevel="signature" />
31-->[androidx.core:core:1.9.0] AndroidManifest.xml:24:9-44
32
33    <uses-permission android:name="com.sungkyul.metrotime.DYNAMIC_RECEIVER_NOT_EXPORTED_PERMISSION" />
33-->[androidx.core:core:1.9.0] AndroidManifest.xml:26:5-97
33-->[androidx.core:core:1.9.0] AndroidManifest.xml:26:22-94
34
35    <application
35-->src\main\AndroidManifest.xml:5:5-27:19
36        android:allowBackup="true"
36-->src\main\AndroidManifest.xml:6:9-35
37        android:appComponentFactory="androidx.core.app.CoreComponentFactory"
37-->[androidx.core:core:1.9.0] AndroidManifest.xml:28:18-86
38        android:dataExtractionRules="@xml/data_extraction_rules"
38-->src\main\AndroidManifest.xml:7:9-65
39        android:debuggable="true"
40        android:extractNativeLibs="false"
41        android:fullBackupContent="@xml/backup_rules"
41-->src\main\AndroidManifest.xml:8:9-54
42        android:icon="@mipmap/ic_launcher"
42-->src\main\AndroidManifest.xml:9:9-43
43        android:label="@string/app_name"
43-->src\main\AndroidManifest.xml:10:9-41
44        android:roundIcon="@mipmap/ic_launcher_round"
44-->src\main\AndroidManifest.xml:11:9-54
45        android:supportsRtl="true"
45-->src\main\AndroidManifest.xml:12:9-35
46        android:testOnly="true"
47        android:theme="@style/Theme.MetroTime" >
47-->src\main\AndroidManifest.xml:13:9-47
48        <activity
48-->src\main\AndroidManifest.xml:15:9-17:40
49            android:name="com.sungkyul.metrotime.MypageActivity"
49-->src\main\AndroidManifest.xml:16:13-43
50            android:exported="false" />
50-->src\main\AndroidManifest.xml:17:13-37
51        <activity
51-->src\main\AndroidManifest.xml:18:9-26:20
52            android:name="com.sungkyul.metrotime.MainActivity"
52-->src\main\AndroidManifest.xml:19:13-41
53            android:exported="true" >
53-->src\main\AndroidManifest.xml:20:13-36
54            <intent-filter>
54-->src\main\AndroidManifest.xml:21:13-25:29
55                <action android:name="android.intent.action.MAIN" />
55-->src\main\AndroidManifest.xml:22:17-69
55-->src\main\AndroidManifest.xml:22:25-66
56
57                <category android:name="android.intent.category.LAUNCHER" />
57-->src\main\AndroidManifest.xml:24:17-77
57-->src\main\AndroidManifest.xml:24:27-74
58            </intent-filter>
59        </activity>
60
61        <meta-data
61-->[com.firebaseui:firebase-ui-auth:7.2.0] AndroidManifest.xml:16:9-18:69
62            android:name="com.google.android.gms.version"
62-->[com.firebaseui:firebase-ui-auth:7.2.0] AndroidManifest.xml:17:13-58
63            android:value="@integer/google_play_services_version" />
63-->[com.firebaseui:firebase-ui-auth:7.2.0] AndroidManifest.xml:18:13-66
64        <meta-data
64-->[com.firebaseui:firebase-ui-auth:7.2.0] AndroidManifest.xml:19:9-21:63
65            android:name="com.facebook.sdk.ApplicationId"
65-->[com.firebaseui:firebase-ui-auth:7.2.0] AndroidManifest.xml:20:13-58
66            android:value="@string/facebook_application_id" />
66-->[com.firebaseui:firebase-ui-auth:7.2.0] AndroidManifest.xml:21:13-60
67
68        <activity
68-->[com.firebaseui:firebase-ui-auth:7.2.0] AndroidManifest.xml:23:9-27:61
69            android:name="com.firebase.ui.auth.KickoffActivity"
69-->[com.firebaseui:firebase-ui-auth:7.2.0] AndroidManifest.xml:24:13-64
70            android:exported="false"
70-->[com.firebaseui:firebase-ui-auth:7.2.0] AndroidManifest.xml:25:13-37
71            android:label=""
71-->[com.firebaseui:firebase-ui-auth:7.2.0] AndroidManifest.xml:26:13-29
72            android:theme="@style/FirebaseUI.Transparent" />
72-->[com.firebaseui:firebase-ui-auth:7.2.0] AndroidManifest.xml:27:13-58
73        <activity
73-->[com.firebaseui:firebase-ui-auth:7.2.0] AndroidManifest.xml:28:9-32:61
74            android:name="com.firebase.ui.auth.ui.idp.SingleSignInActivity"
74-->[com.firebaseui:firebase-ui-auth:7.2.0] AndroidManifest.xml:29:13-76
75            android:exported="false"
75-->[com.firebaseui:firebase-ui-auth:7.2.0] AndroidManifest.xml:30:13-37
76            android:label=""
76-->[com.firebaseui:firebase-ui-auth:7.2.0] AndroidManifest.xml:31:13-29
77            android:theme="@style/FirebaseUI.Transparent" />
77-->[com.firebaseui:firebase-ui-auth:7.2.0] AndroidManifest.xml:32:13-58
78        <activity
78-->[com.firebaseui:firebase-ui-auth:7.2.0] AndroidManifest.xml:33:9-37:61
79            android:name="com.firebase.ui.auth.ui.credentials.CredentialSaveActivity"
79-->[com.firebaseui:firebase-ui-auth:7.2.0] AndroidManifest.xml:34:13-86
80            android:exported="false"
80-->[com.firebaseui:firebase-ui-auth:7.2.0] AndroidManifest.xml:35:13-37
81            android:label=""
81-->[com.firebaseui:firebase-ui-auth:7.2.0] AndroidManifest.xml:36:13-29
82            android:theme="@style/FirebaseUI.Transparent" />
82-->[com.firebaseui:firebase-ui-auth:7.2.0] AndroidManifest.xml:37:13-58
83        <activity
83-->[com.firebaseui:firebase-ui-auth:7.2.0] AndroidManifest.xml:38:9-42:58
84            android:name="com.firebase.ui.auth.ui.email.RecoverPasswordActivity"
84-->[com.firebaseui:firebase-ui-auth:7.2.0] AndroidManifest.xml:39:13-81
85            android:exported="false"
85-->[com.firebaseui:firebase-ui-auth:7.2.0] AndroidManifest.xml:40:13-37
86            android:label="@string/fui_title_recover_password_activity"
86-->[com.firebaseui:firebase-ui-auth:7.2.0] AndroidManifest.xml:41:13-72
87            android:windowSoftInputMode="adjustResize" />
87-->[com.firebaseui:firebase-ui-auth:7.2.0] AndroidManifest.xml:42:13-55
88        <activity
88-->[com.firebaseui:firebase-ui-auth:7.2.0] AndroidManifest.xml:43:9-47:58
89            android:name="com.firebase.ui.auth.ui.email.EmailActivity"
89-->[com.firebaseui:firebase-ui-auth:7.2.0] AndroidManifest.xml:44:13-71
90            android:exported="false"
90-->[com.firebaseui:firebase-ui-auth:7.2.0] AndroidManifest.xml:45:13-37
91            android:label="@string/fui_sign_in_default"
91-->[com.firebaseui:firebase-ui-auth:7.2.0] AndroidManifest.xml:46:13-56
92            android:windowSoftInputMode="adjustResize" />
92-->[com.firebaseui:firebase-ui-auth:7.2.0] AndroidManifest.xml:47:13-55
93        <activity
93-->[com.firebaseui:firebase-ui-auth:7.2.0] AndroidManifest.xml:48:9-52:77
94            android:name="com.firebase.ui.auth.ui.phone.PhoneActivity"
94-->[com.firebaseui:firebase-ui-auth:7.2.0] AndroidManifest.xml:49:13-71
95            android:exported="false"
95-->[com.firebaseui:firebase-ui-auth:7.2.0] AndroidManifest.xml:50:13-37
96            android:label="@string/fui_sign_in_with_phone_number"
96-->[com.firebaseui:firebase-ui-auth:7.2.0] AndroidManifest.xml:51:13-66
97            android:windowSoftInputMode="adjustResize|stateAlwaysVisible" />
97-->[com.firebaseui:firebase-ui-auth:7.2.0] AndroidManifest.xml:52:13-74
98        <activity
98-->[com.firebaseui:firebase-ui-auth:7.2.0] AndroidManifest.xml:53:9-57:58
99            android:name="com.firebase.ui.auth.ui.idp.WelcomeBackIdpPrompt"
99-->[com.firebaseui:firebase-ui-auth:7.2.0] AndroidManifest.xml:54:13-76
100            android:exported="false"
100-->[com.firebaseui:firebase-ui-auth:7.2.0] AndroidManifest.xml:55:13-37
101            android:label="@string/fui_title_welcome_back_idp_prompt"
101-->[com.firebaseui:firebase-ui-auth:7.2.0] AndroidManifest.xml:56:13-70
102            android:windowSoftInputMode="adjustResize" />
102-->[com.firebaseui:firebase-ui-auth:7.2.0] AndroidManifest.xml:57:13-55
103        <activity
103-->[com.firebaseui:firebase-ui-auth:7.2.0] AndroidManifest.xml:58:9-62:58
104            android:name="com.firebase.ui.auth.ui.email.WelcomeBackPasswordPrompt"
104-->[com.firebaseui:firebase-ui-auth:7.2.0] AndroidManifest.xml:59:13-83
105            android:exported="false"
105-->[com.firebaseui:firebase-ui-auth:7.2.0] AndroidManifest.xml:60:13-37
106            android:label="@string/fui_title_welcome_back_password_prompt"
106-->[com.firebaseui:firebase-ui-auth:7.2.0] AndroidManifest.xml:61:13-75
107            android:windowSoftInputMode="adjustResize" />
107-->[com.firebaseui:firebase-ui-auth:7.2.0] AndroidManifest.xml:62:13-55
108        <activity
108-->[com.firebaseui:firebase-ui-auth:7.2.0] AndroidManifest.xml:63:9-67:58
109            android:name="com.firebase.ui.auth.ui.email.WelcomeBackEmailLinkPrompt"
109-->[com.firebaseui:firebase-ui-auth:7.2.0] AndroidManifest.xml:64:13-84
110            android:exported="false"
110-->[com.firebaseui:firebase-ui-auth:7.2.0] AndroidManifest.xml:65:13-37
111            android:label="@string/fui_title_welcome_back_password_prompt"
111-->[com.firebaseui:firebase-ui-auth:7.2.0] AndroidManifest.xml:66:13-75
112            android:windowSoftInputMode="adjustResize" />
112-->[com.firebaseui:firebase-ui-auth:7.2.0] AndroidManifest.xml:67:13-55
113        <activity
113-->[com.firebaseui:firebase-ui-auth:7.2.0] AndroidManifest.xml:68:9-73:58
114            android:name="com.firebase.ui.auth.ui.email.EmailLinkCatcherActivity"
114-->[com.firebaseui:firebase-ui-auth:7.2.0] AndroidManifest.xml:69:13-82
115            android:exported="false"
115-->[com.firebaseui:firebase-ui-auth:7.2.0] AndroidManifest.xml:70:13-37
116            android:label=""
116-->[com.firebaseui:firebase-ui-auth:7.2.0] AndroidManifest.xml:71:13-29
117            android:theme="@style/FirebaseUI.Transparent"
117-->[com.firebaseui:firebase-ui-auth:7.2.0] AndroidManifest.xml:72:13-58
118            android:windowSoftInputMode="adjustResize" />
118-->[com.firebaseui:firebase-ui-auth:7.2.0] AndroidManifest.xml:73:13-55
119        <activity
119-->[com.firebaseui:firebase-ui-auth:7.2.0] AndroidManifest.xml:74:9-78:58
120            android:name="com.firebase.ui.auth.ui.email.EmailLinkErrorRecoveryActivity"
120-->[com.firebaseui:firebase-ui-auth:7.2.0] AndroidManifest.xml:75:13-88
121            android:exported="false"
121-->[com.firebaseui:firebase-ui-auth:7.2.0] AndroidManifest.xml:76:13-37
122            android:label="@string/fui_sign_in_default"
122-->[com.firebaseui:firebase-ui-auth:7.2.0] AndroidManifest.xml:77:13-56
123            android:windowSoftInputMode="adjustResize" />
123-->[com.firebaseui:firebase-ui-auth:7.2.0] AndroidManifest.xml:78:13-55
124        <activity
124-->[com.firebaseui:firebase-ui-auth:7.2.0] AndroidManifest.xml:79:9-82:65
125            android:name="com.firebase.ui.auth.ui.idp.AuthMethodPickerActivity"
125-->[com.firebaseui:firebase-ui-auth:7.2.0] AndroidManifest.xml:80:13-80
126            android:exported="false"
126-->[com.firebaseui:firebase-ui-auth:7.2.0] AndroidManifest.xml:81:13-37
127            android:label="@string/fui_default_toolbar_title" />
127-->[com.firebaseui:firebase-ui-auth:7.2.0] AndroidManifest.xml:82:13-62
128        <activity
128-->[com.firebaseui:firebase-ui-auth:7.2.0] AndroidManifest.xml:83:9-87:48
129            android:name="com.facebook.FacebookActivity"
129-->[com.firebaseui:firebase-ui-auth:7.2.0] AndroidManifest.xml:84:13-57
130            android:configChanges="keyboard|keyboardHidden|screenLayout|screenSize|orientation"
130-->[com.firebaseui:firebase-ui-auth:7.2.0] AndroidManifest.xml:85:13-96
131            android:label="@string/app_name" />
131-->[com.firebaseui:firebase-ui-auth:7.2.0] AndroidManifest.xml:86:13-45
132        <activity
132-->[com.firebaseui:firebase-ui-auth:7.2.0] AndroidManifest.xml:88:9-100:20
133            android:name="com.facebook.CustomTabActivity"
133-->[com.firebaseui:firebase-ui-auth:7.2.0] AndroidManifest.xml:89:13-58
134            android:exported="true" >
134-->[com.firebaseui:firebase-ui-auth:7.2.0] AndroidManifest.xml:90:13-36
135            <intent-filter>
135-->[com.firebaseui:firebase-ui-auth:7.2.0] AndroidManifest.xml:92:13-99:29
136                <action android:name="android.intent.action.VIEW" />
136-->[com.firebaseui:firebase-ui-auth:7.2.0] AndroidManifest.xml:93:17-69
136-->[com.firebaseui:firebase-ui-auth:7.2.0] AndroidManifest.xml:93:25-66
137
138                <category android:name="android.intent.category.DEFAULT" />
138-->[com.firebaseui:firebase-ui-auth:7.2.0] AndroidManifest.xml:95:17-76
138-->[com.firebaseui:firebase-ui-auth:7.2.0] AndroidManifest.xml:95:27-73
139                <category android:name="android.intent.category.BROWSABLE" />
139-->[com.firebaseui:firebase-ui-auth:7.2.0] AndroidManifest.xml:96:17-78
139-->[com.firebaseui:firebase-ui-auth:7.2.0] AndroidManifest.xml:96:27-75
140
141                <data android:scheme="@string/facebook_login_protocol_scheme" />
141-->[com.firebaseui:firebase-ui-auth:7.2.0] AndroidManifest.xml:98:17-81
141-->[com.firebaseui:firebase-ui-auth:7.2.0] AndroidManifest.xml:98:23-78
142            </intent-filter>
143        </activity>
144
145        <provider
145-->[com.firebaseui:firebase-ui-auth:7.2.0] AndroidManifest.xml:102:9-106:38
146            android:name="com.firebase.ui.auth.data.client.AuthUiInitProvider"
146-->[com.firebaseui:firebase-ui-auth:7.2.0] AndroidManifest.xml:103:13-79
147            android:authorities="com.sungkyul.metrotime.authuiinitprovider"
147-->[com.firebaseui:firebase-ui-auth:7.2.0] AndroidManifest.xml:104:13-70
148            android:exported="false"
148-->[com.firebaseui:firebase-ui-auth:7.2.0] AndroidManifest.xml:105:13-37
149            android:initOrder="90" />
149-->[com.firebaseui:firebase-ui-auth:7.2.0] AndroidManifest.xml:106:13-35
150
151        <service
151-->[com.google.firebase:firebase-inappmessaging-display:20.4.0] AndroidManifest.xml:19:9-28:19
152            android:name="com.google.firebase.components.ComponentDiscoveryService"
152-->[com.google.firebase:firebase-inappmessaging-display:20.4.0] AndroidManifest.xml:20:13-84
153            android:directBootAware="true"
153-->[com.google.firebase:firebase-common:20.4.2] AndroidManifest.xml:32:13-43
154            android:exported="false" >
154-->[com.google.firebase:firebase-inappmessaging-display:20.4.0] AndroidManifest.xml:21:13-37
155            <meta-data
155-->[com.google.firebase:firebase-inappmessaging-display:20.4.0] AndroidManifest.xml:22:13-24:85
156                android:name="com.google.firebase.components:com.google.firebase.inappmessaging.display.FirebaseInAppMessagingDisplayKtxRegistrar"
156-->[com.google.firebase:firebase-inappmessaging-display:20.4.0] AndroidManifest.xml:23:17-147
157                android:value="com.google.firebase.components.ComponentRegistrar" />
157-->[com.google.firebase:firebase-inappmessaging-display:20.4.0] AndroidManifest.xml:24:17-82
158            <meta-data
158-->[com.google.firebase:firebase-inappmessaging-display:20.4.0] AndroidManifest.xml:25:13-27:85
159                android:name="com.google.firebase.components:com.google.firebase.inappmessaging.display.FirebaseInAppMessagingDisplayRegistrar"
159-->[com.google.firebase:firebase-inappmessaging-display:20.4.0] AndroidManifest.xml:26:17-144
160                android:value="com.google.firebase.components.ComponentRegistrar" />
160-->[com.google.firebase:firebase-inappmessaging-display:20.4.0] AndroidManifest.xml:27:17-82
161            <meta-data
161-->[com.google.firebase:firebase-auth:22.3.1] AndroidManifest.xml:69:13-71:85
162                android:name="com.google.firebase.components:com.google.firebase.auth.FirebaseAuthRegistrar"
162-->[com.google.firebase:firebase-auth:22.3.1] AndroidManifest.xml:70:17-109
163                android:value="com.google.firebase.components.ComponentRegistrar" />
163-->[com.google.firebase:firebase-auth:22.3.1] AndroidManifest.xml:71:17-82
164            <meta-data
164-->[com.google.firebase:firebase-inappmessaging:20.4.0] AndroidManifest.xml:14:13-16:85
165                android:name="com.google.firebase.components:com.google.firebase.inappmessaging.FirebaseInAppMessagingKtxRegistrar"
165-->[com.google.firebase:firebase-inappmessaging:20.4.0] AndroidManifest.xml:15:17-132
166                android:value="com.google.firebase.components.ComponentRegistrar" />
166-->[com.google.firebase:firebase-inappmessaging:20.4.0] AndroidManifest.xml:16:17-82
167            <meta-data
167-->[com.google.firebase:firebase-inappmessaging:20.4.0] AndroidManifest.xml:17:13-19:85
168                android:name="com.google.firebase.components:com.google.firebase.inappmessaging.FirebaseInAppMessagingRegistrar"
168-->[com.google.firebase:firebase-inappmessaging:20.4.0] AndroidManifest.xml:18:17-129
169                android:value="com.google.firebase.components.ComponentRegistrar" />
169-->[com.google.firebase:firebase-inappmessaging:20.4.0] AndroidManifest.xml:19:17-82
170            <meta-data
170-->[com.google.firebase:firebase-datatransport:18.2.0] AndroidManifest.xml:25:13-27:85
171                android:name="com.google.firebase.components:com.google.firebase.datatransport.TransportRegistrar"
171-->[com.google.firebase:firebase-datatransport:18.2.0] AndroidManifest.xml:26:17-115
172                android:value="com.google.firebase.components.ComponentRegistrar" />
172-->[com.google.firebase:firebase-datatransport:18.2.0] AndroidManifest.xml:27:17-82
173            <meta-data
173-->[com.google.android.gms:play-services-measurement-api:21.5.1] AndroidManifest.xml:37:13-39:85
174                android:name="com.google.firebase.components:com.google.firebase.analytics.connector.internal.AnalyticsConnectorRegistrar"
174-->[com.google.android.gms:play-services-measurement-api:21.5.1] AndroidManifest.xml:38:17-139
175                android:value="com.google.firebase.components.ComponentRegistrar" />
175-->[com.google.android.gms:play-services-measurement-api:21.5.1] AndroidManifest.xml:39:17-82
176            <meta-data
176-->[com.google.firebase:firebase-installations:17.2.0] AndroidManifest.xml:15:13-17:85
177                android:name="com.google.firebase.components:com.google.firebase.installations.FirebaseInstallationsKtxRegistrar"
177-->[com.google.firebase:firebase-installations:17.2.0] AndroidManifest.xml:16:17-130
178                android:value="com.google.firebase.components.ComponentRegistrar" />
178-->[com.google.firebase:firebase-installations:17.2.0] AndroidManifest.xml:17:17-82
179            <meta-data
179-->[com.google.firebase:firebase-installations:17.2.0] AndroidManifest.xml:18:13-20:85
180                android:name="com.google.firebase.components:com.google.firebase.installations.FirebaseInstallationsRegistrar"
180-->[com.google.firebase:firebase-installations:17.2.0] AndroidManifest.xml:19:17-127
181                android:value="com.google.firebase.components.ComponentRegistrar" />
181-->[com.google.firebase:firebase-installations:17.2.0] AndroidManifest.xml:20:17-82
182            <meta-data
182-->[com.google.firebase:firebase-common-ktx:20.4.2] AndroidManifest.xml:12:13-14:85
183                android:name="com.google.firebase.components:com.google.firebase.ktx.FirebaseCommonLegacyRegistrar"
183-->[com.google.firebase:firebase-common-ktx:20.4.2] AndroidManifest.xml:13:17-116
184                android:value="com.google.firebase.components.ComponentRegistrar" />
184-->[com.google.firebase:firebase-common-ktx:20.4.2] AndroidManifest.xml:14:17-82
185            <meta-data
185-->[com.google.firebase:firebase-common:20.4.2] AndroidManifest.xml:35:13-37:85
186                android:name="com.google.firebase.components:com.google.firebase.FirebaseCommonKtxRegistrar"
186-->[com.google.firebase:firebase-common:20.4.2] AndroidManifest.xml:36:17-109
187                android:value="com.google.firebase.components.ComponentRegistrar" />
187-->[com.google.firebase:firebase-common:20.4.2] AndroidManifest.xml:37:17-82
188            <meta-data
188-->[com.google.firebase:firebase-abt:21.1.1] AndroidManifest.xml:12:13-14:85
189                android:name="com.google.firebase.components:com.google.firebase.abt.component.AbtRegistrar"
189-->[com.google.firebase:firebase-abt:21.1.1] AndroidManifest.xml:13:17-109
190                android:value="com.google.firebase.components.ComponentRegistrar" />
190-->[com.google.firebase:firebase-abt:21.1.1] AndroidManifest.xml:14:17-82
191        </service>
192
193        <activity
193-->[com.google.firebase:firebase-auth:22.3.1] AndroidManifest.xml:29:9-46:20
194            android:name="com.google.firebase.auth.internal.GenericIdpActivity"
194-->[com.google.firebase:firebase-auth:22.3.1] AndroidManifest.xml:30:13-80
195            android:excludeFromRecents="true"
195-->[com.google.firebase:firebase-auth:22.3.1] AndroidManifest.xml:31:13-46
196            android:exported="true"
196-->[com.google.firebase:firebase-auth:22.3.1] AndroidManifest.xml:32:13-36
197            android:launchMode="singleTask"
197-->[com.google.firebase:firebase-auth:22.3.1] AndroidManifest.xml:33:13-44
198            android:theme="@android:style/Theme.Translucent.NoTitleBar" >
198-->[com.google.firebase:firebase-auth:22.3.1] AndroidManifest.xml:34:13-72
199            <intent-filter>
199-->[com.google.firebase:firebase-auth:22.3.1] AndroidManifest.xml:35:13-45:29
200                <action android:name="android.intent.action.VIEW" />
200-->[com.firebaseui:firebase-ui-auth:7.2.0] AndroidManifest.xml:93:17-69
200-->[com.firebaseui:firebase-ui-auth:7.2.0] AndroidManifest.xml:93:25-66
201
202                <category android:name="android.intent.category.DEFAULT" />
202-->[com.firebaseui:firebase-ui-auth:7.2.0] AndroidManifest.xml:95:17-76
202-->[com.firebaseui:firebase-ui-auth:7.2.0] AndroidManifest.xml:95:27-73
203                <category android:name="android.intent.category.BROWSABLE" />
203-->[com.firebaseui:firebase-ui-auth:7.2.0] AndroidManifest.xml:96:17-78
203-->[com.firebaseui:firebase-ui-auth:7.2.0] AndroidManifest.xml:96:27-75
204
205                <data
205-->[com.firebaseui:firebase-ui-auth:7.2.0] AndroidManifest.xml:98:17-81
206                    android:host="firebase.auth"
207                    android:path="/"
208                    android:scheme="genericidp" />
208-->[com.firebaseui:firebase-ui-auth:7.2.0] AndroidManifest.xml:98:23-78
209            </intent-filter>
210        </activity>
211        <activity
211-->[com.google.firebase:firebase-auth:22.3.1] AndroidManifest.xml:47:9-64:20
212            android:name="com.google.firebase.auth.internal.RecaptchaActivity"
212-->[com.google.firebase:firebase-auth:22.3.1] AndroidManifest.xml:48:13-79
213            android:excludeFromRecents="true"
213-->[com.google.firebase:firebase-auth:22.3.1] AndroidManifest.xml:49:13-46
214            android:exported="true"
214-->[com.google.firebase:firebase-auth:22.3.1] AndroidManifest.xml:50:13-36
215            android:launchMode="singleTask"
215-->[com.google.firebase:firebase-auth:22.3.1] AndroidManifest.xml:51:13-44
216            android:theme="@android:style/Theme.Translucent.NoTitleBar" >
216-->[com.google.firebase:firebase-auth:22.3.1] AndroidManifest.xml:52:13-72
217            <intent-filter>
217-->[com.google.firebase:firebase-auth:22.3.1] AndroidManifest.xml:53:13-63:29
218                <action android:name="android.intent.action.VIEW" />
218-->[com.firebaseui:firebase-ui-auth:7.2.0] AndroidManifest.xml:93:17-69
218-->[com.firebaseui:firebase-ui-auth:7.2.0] AndroidManifest.xml:93:25-66
219
220                <category android:name="android.intent.category.DEFAULT" />
220-->[com.firebaseui:firebase-ui-auth:7.2.0] AndroidManifest.xml:95:17-76
220-->[com.firebaseui:firebase-ui-auth:7.2.0] AndroidManifest.xml:95:27-73
221                <category android:name="android.intent.category.BROWSABLE" />
221-->[com.firebaseui:firebase-ui-auth:7.2.0] AndroidManifest.xml:96:17-78
221-->[com.firebaseui:firebase-ui-auth:7.2.0] AndroidManifest.xml:96:27-75
222
223                <data
223-->[com.firebaseui:firebase-ui-auth:7.2.0] AndroidManifest.xml:98:17-81
224                    android:host="firebase.auth"
225                    android:path="/"
226                    android:scheme="recaptcha" />
226-->[com.firebaseui:firebase-ui-auth:7.2.0] AndroidManifest.xml:98:23-78
227            </intent-filter>
228        </activity>
229        <activity
229-->[com.google.android.gms:play-services-auth:21.0.0] AndroidManifest.xml:23:9-27:75
230            android:name="com.google.android.gms.auth.api.signin.internal.SignInHubActivity"
230-->[com.google.android.gms:play-services-auth:21.0.0] AndroidManifest.xml:24:13-93
231            android:excludeFromRecents="true"
231-->[com.google.android.gms:play-services-auth:21.0.0] AndroidManifest.xml:25:13-46
232            android:exported="false"
232-->[com.google.android.gms:play-services-auth:21.0.0] AndroidManifest.xml:26:13-37
233            android:theme="@android:style/Theme.Translucent.NoTitleBar" />
233-->[com.google.android.gms:play-services-auth:21.0.0] AndroidManifest.xml:27:13-72
234        <!--
235            Service handling Google Sign-In user revocation. For apps that do not integrate with
236            Google Sign-In, this service will never be started.
237        -->
238        <service
238-->[com.google.android.gms:play-services-auth:21.0.0] AndroidManifest.xml:33:9-37:51
239            android:name="com.google.android.gms.auth.api.signin.RevocationBoundService"
239-->[com.google.android.gms:play-services-auth:21.0.0] AndroidManifest.xml:34:13-89
240            android:exported="true"
240-->[com.google.android.gms:play-services-auth:21.0.0] AndroidManifest.xml:35:13-36
241            android:permission="com.google.android.gms.auth.api.signin.permission.REVOCATION_NOTIFICATION"
241-->[com.google.android.gms:play-services-auth:21.0.0] AndroidManifest.xml:36:13-107
242            android:visibleToInstantApps="true" />
242-->[com.google.android.gms:play-services-auth:21.0.0] AndroidManifest.xml:37:13-48
243        <service
243-->[com.google.android.datatransport:transport-backend-cct:3.1.9] AndroidManifest.xml:28:9-34:19
244            android:name="com.google.android.datatransport.runtime.backends.TransportBackendDiscovery"
244-->[com.google.android.datatransport:transport-backend-cct:3.1.9] AndroidManifest.xml:29:13-103
245            android:exported="false" >
245-->[com.google.android.datatransport:transport-backend-cct:3.1.9] AndroidManifest.xml:30:13-37
246            <meta-data
246-->[com.google.android.datatransport:transport-backend-cct:3.1.9] AndroidManifest.xml:31:13-33:39
247                android:name="backend:com.google.android.datatransport.cct.CctBackendFactory"
247-->[com.google.android.datatransport:transport-backend-cct:3.1.9] AndroidManifest.xml:32:17-94
248                android:value="cct" />
248-->[com.google.android.datatransport:transport-backend-cct:3.1.9] AndroidManifest.xml:33:17-36
249        </service>
250        <service
250-->[com.google.android.datatransport:transport-runtime:3.1.9] AndroidManifest.xml:26:9-30:19